<?xml version="1.0" encoding="UTF-8"?>
<testsuite xmlns:xsi="http://www.w3.org/2001/XMLSchema-instance" xsi:noNamespaceSchemaLocation="https://maven.apache.org/surefire/maven-surefire-plugin/xsd/surefire-test-report.xsd" version="3.0.2" name="com.java.com.ProjectdummyApplicationTests" time="4.11" tests="1" errors="0" skipped="0" failures="0">
  <properties>
[...]
</properties>
  <testcase name="contextLoads" classname="com.java.com.ProjectdummyApplicationTests" time="1.299">
    <system-out><![CDATA[10:28:31.709 [main] INFO org.springframework.test.context.support.AnnotationConfigContextLoaderUtils -- Could not detect default configuration classes for test class [com.java.com.ProjectdummyApplicationTests]: ProjectdummyApplicationTests does not declare any static, non-private, non-final, nested classes annotated with @Configuration.
10:28:31.873 [main] INFO org.springframework.boot.test.context.SpringBootTestContextBootstrapper -- Found @SpringBootConfiguration com.java.com.ProjectdummyApplication for test class com.java.com.ProjectdummyApplicationTests

  .   ____          _            __ _ _
 /\\ / ___'_ __ _ _(_)_ __  __ _ \ \ \ \
( ( )\___ | '_ | '_| | '_ \/ _` | \ \ \ \
 \\/  ___)| |_)| | | | | || (_| |  ) ) ) )
  '  |____| .__|_| |_|_| |_\__, | / / / /
 =========|_|==============|___/=/_/_/_/

 :: Spring Boot ::                (v3.4.4)

2025-04-10T10:28:32.665+05:30  INFO 10368 --- [projectdummy] [           main] c.java.com.ProjectdummyApplicationTests  : Starting ProjectdummyApplicationTests using Java 17.0.5 with PID 10368 (started by gagan in C:\Users\gagan\Documents\workspace-spring-tool-suite-4-4.17.1.RELEASE\projectdummy)
2025-04-10T10:28:32.667+05:30  INFO 10368 --- [projectdummy] [           main] c.java.com.ProjectdummyApplicationTests  : No active profile set, falling back to 1 default profile: "default"
2025-04-10T10:28:34.275+05:30  INFO 10368 --- [projectdummy] [           main] c.java.com.ProjectdummyApplicationTests  : Started ProjectdummyApplicationTests in 2.132 seconds (process running for 3.871)
]]></system-out>
  </testcase>
</testsuite>